Terminals unused in grammar

   SINGLE_LINE_COMMENT
   MULTI_LINE_COMMENT
   AUTO_KEYWORD
   BREAK_KEYWORD
   CASE_KEYWORD
   CHAR_KEYWORD
   CONST_KEYWORD
   CONTINUE_KEYWORD
   DEFAULT_KEYWORD
   DO_KEYWORD
   DOUBLE_KEYWORD
   ELSE_KEYWORD
   ENUM_KEYWORD
   EXTERN_KEYWORD
   FLOAT_KEYWORD
   FOR_KEYWORD
   GOTO_KEYWORD
   IF_KEYWORD
   INLINE_KEYWORD
   INT_KEYWORD
   LONG_KEYWORD
   REGISTER_KEYWORD
   RESTRICT_KEYWORD
   RETURN_KEYWORD
   SHORT_KEYWORD
   SIGNED_KEYWORD
   SIZEOF_KEYWORD
   STATIC_KEYWORD
   STRUCT_KEYWORD
   SWITCH_KEYWORD
   TYPEDEF_KEYWORD
   UNION_KEYWORD
   UNSIGNED_KEYWORD
   VOID_KEYWORD
   VOLATILE_KEYWORD
   WHILE_KEYWORD
   _BOOL_KEYWORD
   _COMPLEX_KEYWORD
   _IMAGINARY_KEYWORD
   IDENTIFIER
   INTEGER_CONSTANT
   FLOATING_CONSTANT
   ENUMERATION_CONSTANT
   CHAR_CONSTANT
   STRING_LITERAL
   LEFT_SQUARE_BRACE
   RIGHT_SQUARE_BRACE
   LEFT_ROUND_BRACE
   RIGHT_ROUND_BRACE
   LEFT_CURLY_BRACE
   RIGHT_CURLY_BRACE
   PERIOD
   POINTS_TO
   PLUS_PLUS
   MINUS_MINUS
   AMPERSAND
   MULTIPLICATION
   PLUS
   MINUS
   TILDE
   EXCLIMATION
   FORWARD_SLASH
   PERCENTAGE
   LEFT_SHIFT
   RIGHT_SHIFT
   LESS_THAN
   GREATER_THAN
   LESS_THAN_EQUAL
   GREATER_THAN_EQUAL
   EQUAL_EQUAL
   NOT_EQUAL
   CARET
   BITWISE_OR
   LOGICAL_AND
   LOGICAL_OR
   QUESTION_MARK
   COLON
   SEMICOLON_TERMINATOR
   ELIPSES
   EQUAL
   MULTIPLICATION_EQUAL
   SLASH_EQUAL
   PERCENTAGE_EQUAL
   PLUS_EQUAL
   MINUS_EQUAL
   LEFT_SHIFT_EQUAL
   RIGHT_SHIFT_EQUAL
   BITWISE_AND_EQUAL
   BITWISE_NOT_EQUAL
   BITWISE_OR_EQUAL
   COMMA
   HASH


Grammar

    0 $accept: statement $end

    1 statement: %empty


Terminals, with rules where they appear

$end (0) 0
error (256)
SINGLE_LINE_COMMENT (258)
MULTI_LINE_COMMENT (259)
AUTO_KEYWORD (260)
BREAK_KEYWORD (261)
CASE_KEYWORD (262)
CHAR_KEYWORD (263)
CONST_KEYWORD (264)
CONTINUE_KEYWORD (265)
DEFAULT_KEYWORD (266)
DO_KEYWORD (267)
DOUBLE_KEYWORD (268)
ELSE_KEYWORD (269)
ENUM_KEYWORD (270)
EXTERN_KEYWORD (271)
FLOAT_KEYWORD (272)
FOR_KEYWORD (273)
GOTO_KEYWORD (274)
IF_KEYWORD (275)
INLINE_KEYWORD (276)
INT_KEYWORD (277)
LONG_KEYWORD (278)
REGISTER_KEYWORD (279)
RESTRICT_KEYWORD (280)
RETURN_KEYWORD (281)
SHORT_KEYWORD (282)
SIGNED_KEYWORD (283)
SIZEOF_KEYWORD (284)
STATIC_KEYWORD (285)
STRUCT_KEYWORD (286)
SWITCH_KEYWORD (287)
TYPEDEF_KEYWORD (288)
UNION_KEYWORD (289)
UNSIGNED_KEYWORD (290)
VOID_KEYWORD (291)
VOLATILE_KEYWORD (292)
WHILE_KEYWORD (293)
_BOOL_KEYWORD (294)
_COMPLEX_KEYWORD (295)
_IMAGINARY_KEYWORD (296)
IDENTIFIER (297)
INTEGER_CONSTANT (298)
FLOATING_CONSTANT (299)
ENUMERATION_CONSTANT (300)
CHAR_CONSTANT (301)
STRING_LITERAL (302)
LEFT_SQUARE_BRACE (303)
RIGHT_SQUARE_BRACE (304)
LEFT_ROUND_BRACE (305)
RIGHT_ROUND_BRACE (306)
LEFT_CURLY_BRACE (307)
RIGHT_CURLY_BRACE (308)
PERIOD (309)
POINTS_TO (310)
PLUS_PLUS (311)
MINUS_MINUS (312)
AMPERSAND (313)
MULTIPLICATION (314)
PLUS (315)
MINUS (316)
TILDE (317)
EXCLIMATION (318)
FORWARD_SLASH (319)
PERCENTAGE (320)
LEFT_SHIFT (321)
RIGHT_SHIFT (322)
LESS_THAN (323)
GREATER_THAN (324)
LESS_THAN_EQUAL (325)
GREATER_THAN_EQUAL (326)
EQUAL_EQUAL (327)
NOT_EQUAL (328)
CARET (329)
BITWISE_OR (330)
LOGICAL_AND (331)
LOGICAL_OR (332)
QUESTION_MARK (333)
COLON (334)
SEMICOLON_TERMINATOR (335)
ELIPSES (336)
EQUAL (337)
MULTIPLICATION_EQUAL (338)
SLASH_EQUAL (339)
PERCENTAGE_EQUAL (340)
PLUS_EQUAL (341)
MINUS_EQUAL (342)
LEFT_SHIFT_EQUAL (343)
RIGHT_SHIFT_EQUAL (344)
BITWISE_AND_EQUAL (345)
BITWISE_NOT_EQUAL (346)
BITWISE_OR_EQUAL (347)
COMMA (348)
HASH (349)


Nonterminals, with rules where they appear

$accept (95)
    on left: 0
statement (96)
    on left: 1, on right: 0


State 0

    0 $accept: . statement $end

    $default  reduce using rule 1 (statement)

    statement  go to state 1


State 1

    0 $accept: statement . $end

    $end  shift, and go to state 2


State 2

    0 $accept: statement $end .

    $default  accept
